<?xml version="1.0" encoding="UTF-8"?>
<!-- Generated by org.testng.reporters.JUnitReportReporter -->
<testsuite hostname="Alienware" name="Runner.DefaultRunner" tests="1" failures="0" timestamp="26 Sep 2018 02:27:02 GMT" time="44.681" errors="0">
  <testcase name="feature" time="44.681" classname="Runner.DefaultRunner"/>
</testsuite> <!-- Runner.DefaultRunner -->
